<?xml version="1.0" encoding="UTF-8"?>
<testng-results skipped="0" failed="0" total="1" passed="1">
  <reporter-output>
  </reporter-output>
  <suite name="Default suite" duration-ms="13544" started-at="2020-04-21T03:01:42Z" finished-at="2020-04-21T03:01:56Z">
    <groups>
    </groups>
    <test name="Default test" duration-ms="13544" started-at="2020-04-21T03:01:42Z" finished-at="2020-04-21T03:01:56Z">
      <class name="com.automation.OnlineTes.test.TC_03">
        <test-method status="PASS" signature="launchBrowser()[pri:0, instance:com.automation.OnlineTes.test.TC_03@783e6358]" name="launchBrowser" is-config="true" duration-ms="8750" started-at="2020-04-21T08:31:42Z" finished-at="2020-04-21T08:31:51Z">
          <reporter-output>
          </reporter-output>
        </test-method> <!-- launchBrowser -->
        <test-method status="PASS" signature="TC03()[pri:0, instance:com.automation.OnlineTes.test.TC_03@783e6358]" name="TC03" duration-ms="2677" started-at="2020-04-21T08:31:51Z" finished-at="2020-04-21T08:31:54Z">
          <reporter-output>
          </reporter-output>
        </test-method> <!-- TC03 -->
        <test-method status="PASS" signature="teardown()[pri:0, instance:com.automation.OnlineTes.test.TC_03@783e6358]" name="teardown" is-config="true" duration-ms="2086" started-at="2020-04-21T08:31:54Z" finished-at="2020-04-21T08:31:56Z">
          <reporter-output>
          </reporter-output>
        </test-method> <!-- teardown -->
      </class> <!-- com.automation.OnlineTes.test.TC_03 -->
    </test> <!-- Default test -->
  </suite> <!-- Default suite -->
</testng-results>
