<?xml version="1.0" encoding="UTF-8"?>
<testng-results skipped="0" failed="0" total="4" passed="4">
  <reporter-output>
  </reporter-output>
  <suite name="Suite" duration-ms="170210" started-at="2020-04-23T11:21:10Z" finished-at="2020-04-23T11:24:00Z">
    <groups>
    </groups>
    <test name="Test1" duration-ms="19351" started-at="2020-04-23T11:21:10Z" finished-at="2020-04-23T11:21:29Z">
      <class name="com.automation.OnlineTes.test.TC_01">
        <test-method status="PASS" signature="startReport()[pri:0, instance:com.automation.OnlineTes.test.TC_01@327471b5]" name="startReport" is-config="true" duration-ms="332" started-at="2020-04-23T16:51:10Z" finished-at="2020-04-23T16:51:10Z">
          <reporter-output>
          </reporter-output>
        </test-method> <!-- startReport -->
        <test-method status="PASS" signature="launchBrowser()[pri:0, instance:com.automation.OnlineTes.test.TC_01@327471b5]" name="launchBrowser" is-config="true" duration-ms="14867" started-at="2020-04-23T16:51:10Z" finished-at="2020-04-23T16:51:25Z">
          <reporter-output>
          </reporter-output>
        </test-method> <!-- launchBrowser -->
        <test-method status="PASS" signature="TC01()[pri:1, instance:com.automation.OnlineTes.test.TC_01@327471b5]" name="TC01" duration-ms="3044" started-at="2020-04-23T16:51:25Z" finished-at="2020-04-23T16:51:28Z">
          <reporter-output>
          </reporter-output>
        </test-method> <!-- TC01 -->
        <test-method status="PASS" signature="getResult(org.testng.ITestResult)[pri:0, instance:com.automation.OnlineTes.test.TC_01@327471b5]" name="getResult" is-config="true" duration-ms="647" started-at="2020-04-23T16:51:28Z" finished-at="2020-04-23T16:51:28Z">
          <params>
            <param index="0">
              <value>
                <![CDATA[[TestResult name=TC01 status=SUCCESS method=TC_01.TC01()[pri:1, instance:com.automation.OnlineTes.test.TC_01@327471b5] output={null}]]]>
              </value>
            </param>
          </params>
          <reporter-output>
          </reporter-output>
        </test-method> <!-- getResult -->
        <test-method status="PASS" signature="teardown()[pri:0, instance:com.automation.OnlineTes.test.TC_01@327471b5]" name="teardown" is-config="true" duration-ms="457" started-at="2020-04-23T16:51:28Z" finished-at="2020-04-23T16:51:29Z">
          <reporter-output>
          </reporter-output>
        </test-method> <!-- teardown -->
      </class> <!-- com.automation.OnlineTes.test.TC_01 -->
    </test> <!-- Test1 -->
    <test name="Test2" duration-ms="43267" started-at="2020-04-23T11:21:29Z" finished-at="2020-04-23T11:22:12Z">
      <class name="com.automation.OnlineTes.test.TC_02">
        <test-method status="PASS" signature="startReport()[pri:0, instance:com.automation.OnlineTes.test.TC_02@234bef66]" name="startReport" is-config="true" duration-ms="3" started-at="2020-04-23T16:51:29Z" finished-at="2020-04-23T16:51:29Z">
          <reporter-output>
          </reporter-output>
        </test-method> <!-- startReport -->
        <test-method status="PASS" signature="launchBrowser()[pri:0, instance:com.automation.OnlineTes.test.TC_02@234bef66]" name="launchBrowser" is-config="true" duration-ms="36813" started-at="2020-04-23T16:51:29Z" finished-at="2020-04-23T16:52:06Z">
          <reporter-output>
          </reporter-output>
        </test-method> <!-- launchBrowser -->
        <test-method status="PASS" signature="TC02()[pri:1, instance:com.automation.OnlineTes.test.TC_02@234bef66]" name="TC02" duration-ms="5726" started-at="2020-04-23T16:52:06Z" finished-at="2020-04-23T16:52:12Z">
          <reporter-output>
          </reporter-output>
        </test-method> <!-- TC02 -->
        <test-method status="PASS" signature="getResult(org.testng.ITestResult)[pri:0, instance:com.automation.OnlineTes.test.TC_02@234bef66]" name="getResult" is-config="true" duration-ms="634" started-at="2020-04-23T16:52:12Z" finished-at="2020-04-23T16:52:12Z">
          <params>
            <param index="0">
              <value>
                <![CDATA[[TestResult name=TC02 status=SUCCESS method=TC_02.TC02()[pri:1, instance:com.automation.OnlineTes.test.TC_02@234bef66] output={null}]]]>
              </value>
            </param>
          </params>
          <reporter-output>
          </reporter-output>
        </test-method> <!-- getResult -->
        <test-method status="PASS" signature="teardown()[pri:0, instance:com.automation.OnlineTes.test.TC_02@234bef66]" name="teardown" is-config="true" duration-ms="90" started-at="2020-04-23T16:52:12Z" finished-at="2020-04-23T16:52:12Z">
          <reporter-output>
          </reporter-output>
        </test-method> <!-- teardown -->
      </class> <!-- com.automation.OnlineTes.test.TC_02 -->
    </test> <!-- Test2 -->
    <test name="Test3" duration-ms="85113" started-at="2020-04-23T11:22:12Z" finished-at="2020-04-23T11:23:37Z">
      <class name="com.automation.OnlineTes.test.TC_03">
        <test-method status="PASS" signature="startReport()[pri:0, instance:com.automation.OnlineTes.test.TC_03@97e1986]" name="startReport" is-config="true" duration-ms="10" started-at="2020-04-23T16:52:12Z" finished-at="2020-04-23T16:52:12Z">
          <reporter-output>
          </reporter-output>
        </test-method> <!-- startReport -->
        <test-method status="PASS" signature="launchBrowser()[pri:0, instance:com.automation.OnlineTes.test.TC_03@97e1986]" name="launchBrowser" is-config="true" duration-ms="25365" started-at="2020-04-23T16:52:12Z" finished-at="2020-04-23T16:52:38Z">
          <reporter-output>
          </reporter-output>
        </test-method> <!-- launchBrowser -->
        <test-method status="PASS" signature="TC03()[pri:1, instance:com.automation.OnlineTes.test.TC_03@97e1986]" name="TC03" duration-ms="58962" started-at="2020-04-23T16:52:38Z" finished-at="2020-04-23T16:53:37Z">
          <reporter-output>
          </reporter-output>
        </test-method> <!-- TC03 -->
        <test-method status="PASS" signature="getResult(org.testng.ITestResult)[pri:0, instance:com.automation.OnlineTes.test.TC_03@97e1986]" name="getResult" is-config="true" duration-ms="657" started-at="2020-04-23T16:53:37Z" finished-at="2020-04-23T16:53:37Z">
          <params>
            <param index="0">
              <value>
                <![CDATA[[TestResult name=TC03 status=SUCCESS method=TC_03.TC03()[pri:1, instance:com.automation.OnlineTes.test.TC_03@97e1986] output={null}]]]>
              </value>
            </param>
          </params>
          <reporter-output>
          </reporter-output>
        </test-method> <!-- getResult -->
        <test-method status="PASS" signature="teardown()[pri:0, instance:com.automation.OnlineTes.test.TC_03@97e1986]" name="teardown" is-config="true" duration-ms="118" started-at="2020-04-23T16:53:37Z" finished-at="2020-04-23T16:53:37Z">
          <reporter-output>
          </reporter-output>
        </test-method> <!-- teardown -->
      </class> <!-- com.automation.OnlineTes.test.TC_03 -->
    </test> <!-- Test3 -->
    <test name="Test4" duration-ms="22449" started-at="2020-04-23T11:23:37Z" finished-at="2020-04-23T11:24:00Z">
      <class name="com.automation.OnlineTes.test.TC_04">
        <test-method status="PASS" signature="startReport()[pri:0, instance:com.automation.OnlineTes.test.TC_04@59e84876]" name="startReport" is-config="true" duration-ms="3" started-at="2020-04-23T16:53:37Z" finished-at="2020-04-23T16:53:37Z">
          <reporter-output>
          </reporter-output>
        </test-method> <!-- startReport -->
        <test-method status="PASS" signature="launchBrowser()[pri:0, instance:com.automation.OnlineTes.test.TC_04@59e84876]" name="launchBrowser" is-config="true" duration-ms="13649" started-at="2020-04-23T16:53:37Z" finished-at="2020-04-23T16:53:51Z">
          <reporter-output>
          </reporter-output>
        </test-method> <!-- launchBrowser -->
        <test-method status="PASS" signature="TC04()[pri:1, instance:com.automation.OnlineTes.test.TC_04@59e84876]" name="TC04" duration-ms="8102" started-at="2020-04-23T16:53:51Z" finished-at="2020-04-23T16:53:59Z">
          <reporter-output>
          </reporter-output>
        </test-method> <!-- TC04 -->
        <test-method status="PASS" signature="getResult(org.testng.ITestResult)[pri:0, instance:com.automation.OnlineTes.test.TC_04@59e84876]" name="getResult" is-config="true" duration-ms="617" started-at="2020-04-23T16:53:59Z" finished-at="2020-04-23T16:54:00Z">
          <params>
            <param index="0">
              <value>
                <![CDATA[[TestResult name=TC04 status=SUCCESS method=TC_04.TC04()[pri:1, instance:com.automation.OnlineTes.test.TC_04@59e84876] output={null}]]]>
              </value>
            </param>
          </params>
          <reporter-output>
          </reporter-output>
        </test-method> <!-- getResult -->
        <test-method status="PASS" signature="teardown()[pri:0, instance:com.automation.OnlineTes.test.TC_04@59e84876]" name="teardown" is-config="true" duration-ms="76" started-at="2020-04-23T16:54:00Z" finished-at="2020-04-23T16:54:00Z">
          <reporter-output>
          </reporter-output>
        </test-method> <!-- teardown -->
      </class> <!-- com.automation.OnlineTes.test.TC_04 -->
    </test> <!-- Test4 -->
  </suite> <!-- Suite -->
</testng-results>
