<?xml version="1.0" encoding="UTF-8"?>
<!-- Generated by org.testng.reporters.JUnitXMLReporter -->
<testsuite hostname="ADMIN-PC" name="Test" tests="2" failures="0" timestamp="24 Apr 2020 09:47:43 GMT" time="16.88" errors="0">
  <testcase name="@AfterMethod getResult" time="0.0" classname="com.automation.OnlineTes.test.TC_01">
    <failure type="java.lang.NullPointerException">
      <![CDATA[java.lang.NullPointerException
	at com.automationpractice.core.BaseTest.getResult(BaseTest.java:67)
	at java.util.concurrent.FutureTask.run(Unknown Source)
	at java.util.concurrent.ThreadPoolExecutor.runWorker(Unknown Source)
	at java.util.concurrent.ThreadPoolExecutor$Worker.run(Unknown Source)
	at java.lang.Thread.run(Unknown Source)
... Removed 18 stack frames]]>
    </failure>
  </testcase> <!-- @AfterMethod getResult -->
  <testcase name="@AfterMethod teardown" time="0.0" classname="com.automation.OnlineTes.test.TC_01">
    <skipped/>
  </testcase> <!-- @AfterMethod teardown -->
  <testcase name="@BeforeMethod launchBrowser" time="0.0" classname="com.automation.OnlineTes.test.TC_02">
    <skipped/>
  </testcase> <!-- @BeforeMethod launchBrowser -->
  <testcase name="@AfterMethod getResult" time="0.0" classname="com.automation.OnlineTes.test.TC_02">
    <skipped/>
  </testcase> <!-- @AfterMethod getResult -->
  <testcase name="@AfterMethod teardown" time="0.0" classname="com.automation.OnlineTes.test.TC_02">
    <skipped/>
  </testcase> <!-- @AfterMethod teardown -->
  <testcase name="TC01" time="3.446" classname="com.automation.OnlineTes.test.TC_01"/>
  <testcase name="TC02" time="0.0" classname="com.automation.OnlineTes.test.TC_02">
    <skipped/>
  </testcase> <!-- TC02 -->
</testsuite> <!-- Test -->
