<?xml version="1.0" encoding="UTF-8"?>
<!-- Generated by org.testng.reporters.JUnitXMLReporter -->
<testsuite hostname="ADMIN-PC" name="Test1" tests="4" failures="0" timestamp="24 Apr 2020 11:48:01 GMT" time="116.364" errors="0">
  <testcase name="TC01" time="3.06" classname="com.automation.OnlineTes.test.TC_01"/>
  <testcase name="TC02" time="5.765" classname="com.automation.OnlineTes.test.TC_01"/>
  <testcase name="TC03" time="55.179" classname="com.automation.OnlineTes.test.TC_01"/>
  <testcase name="TC04" time="8.645" classname="com.automation.OnlineTes.test.TC_01"/>
</testsuite> <!-- Test1 -->
