<?xml version="1.0" encoding="UTF-8"?>
<!-- Generated by org.testng.reporters.JUnitXMLReporter -->
<testsuite hostname="ADMIN-PC" name="Test" tests="4" failures="1" timestamp="23 Apr 2020 10:46:48 GMT" time="27.866" errors="0">
  <testcase name="@AfterMethod getResult" time="0.0" classname="com.automation.OnlineTes.test.TC_03">
    <failure type="java.lang.NullPointerException">
      <![CDATA[java.lang.NullPointerException
	at com.automationpractice.core.BaseTest.getResult(BaseTest.java:76)
	at java.util.concurrent.FutureTask.run(Unknown Source)
	at java.util.concurrent.ThreadPoolExecutor.runWorker(Unknown Source)
	at java.util.concurrent.ThreadPoolExecutor$Worker.run(Unknown Source)
	at java.lang.Thread.run(Unknown Source)
... Removed 18 stack frames]]>
    </failure>
  </testcase> <!-- @AfterMethod getResult -->
  <testcase name="@BeforeMethod launchBrowser" time="0.0" classname="com.automation.OnlineTes.test.TC_02">
    <skipped/>
  </testcase> <!-- @BeforeMethod launchBrowser -->
  <testcase name="@AfterMethod getResult" time="0.0" classname="com.automation.OnlineTes.test.TC_02">
    <skipped/>
  </testcase> <!-- @AfterMethod getResult -->
  <testcase name="@BeforeMethod launchBrowser" time="0.0" classname="com.automation.OnlineTes.test.TC_01">
    <skipped/>
  </testcase> <!-- @BeforeMethod launchBrowser -->
  <testcase name="@AfterMethod getResult" time="0.0" classname="com.automation.OnlineTes.test.TC_01">
    <skipped/>
  </testcase> <!-- @AfterMethod getResult -->
  <testcase name="@AfterTest teardown" time="0.0" classname="com.automation.OnlineTes.test.TC_04">
    <skipped/>
  </testcase> <!-- @AfterTest teardown -->
  <testcase name="TC04" time="9.264" classname="com.automation.OnlineTes.test.TC_04"/>
  <testcase name="TC03" time="0.0" classname="com.automation.OnlineTes.test.TC_03">
    <failure type="java.lang.NullPointerException">
      <![CDATA[java.lang.NullPointerException
	at com.automation.OnlineTes.test.TC_03.TC03(TC_03.java:14)
	at java.util.concurrent.FutureTask.run(Unknown Source)
	at java.util.concurrent.ThreadPoolExecutor.runWorker(Unknown Source)
	at java.util.concurrent.ThreadPoolExecutor$Worker.run(Unknown Source)
	at java.lang.Thread.run(Unknown Source)
... Removed 16 stack frames]]>
    </failure>
  </testcase> <!-- TC03 -->
  <testcase name="TC02" time="0.0" classname="com.automation.OnlineTes.test.TC_02">
    <skipped/>
  </testcase> <!-- TC02 -->
  <testcase name="TC01" time="0.0" classname="com.automation.OnlineTes.test.TC_01">
    <skipped/>
  </testcase> <!-- TC01 -->
</testsuite> <!-- Test -->
