<?xml version="1.0" encoding="UTF-8"?>
<!-- Generated by org.testng.reporters.JUnitXMLReporter -->
<testsuite hostname="ADMIN-PC" name="Test3" tests="1" failures="0" timestamp="24 Apr 2020 11:00:48 GMT" time="102.909" errors="0">
  <testcase name="@AfterMethod getResult" time="0.0" classname="com.automation.OnlineTes.test.TC_03">
    <failure type="org.openqa.selenium.NoSuchSessionException" message="Session ID is null. Using WebDriver after calling quit()?
Build info: version: &amp;apos;4.0.0-alpha-5&amp;apos;, revision: &amp;apos;b3a0d621cc&amp;apos;
System info: host: &amp;apos;ADMIN-PC&amp;apos;, ip: &amp;apos;192.168.43.88&amp;apos;, os.name: &amp;apos;Windows 7&amp;apos;, os.arch: &amp;apos;amd64&amp;apos;, os.version: &amp;apos;6.1&amp;apos;, java.version: &amp;apos;1.8.0_60&amp;apos;
Driver info: driver.version: RemoteWebDriver">
      <![CDATA[org.openqa.selenium.NoSuchSessionException: Session ID is null. Using WebDriver after calling quit()?
Build info: version: '4.0.0-alpha-5', revision: 'b3a0d621cc'
System info: host: 'ADMIN-PC', ip: '192.168.43.88', os.name: 'Windows 7', os.arch: 'amd64', os.version: '6.1', java.version: '1.8.0_60'
Driver info: driver.version: RemoteWebDriver
	at org.openqa.selenium.remote.HttpCommandExecutor.execute(HttpCommandExecutor.java:128)
	at org.openqa.selenium.remote.service.DriverCommandExecutor.execute(DriverCommandExecutor.java:83)
	at org.openqa.selenium.remote.RemoteWebDriver.execute(RemoteWebDriver.java:582)
	at org.openqa.selenium.remote.RemoteWebDriver.execute(RemoteWebDriver.java:639)
	at org.openqa.selenium.remote.RemoteWebDriver.execute(RemoteWebDriver.java:643)
	at org.openqa.selenium.remote.RemoteWebDriver.getScreenshotAs(RemoteWebDriver.java:303)
	at com.onlinetest.utility.ScreenshotClass.getScreenshot(ScreenshotClass.java:17)
	at com.automationpractice.core.BaseTest.getResult(BaseTest.java:72)
	at java.util.concurrent.FutureTask.run(Unknown Source)
	at java.util.concurrent.ThreadPoolExecutor.runWorker(Unknown Source)
	at java.util.concurrent.ThreadPoolExecutor$Worker.run(Unknown Source)
	at java.lang.Thread.run(Unknown Source)
... Removed 18 stack frames]]>
    </failure>
  </testcase> <!-- @AfterMethod getResult -->
  <testcase name="TC03" time="64.762" classname="com.automation.OnlineTes.test.TC_03"/>
</testsuite> <!-- Test3 -->
